<?xml version="1.0" encoding="UTF-8"?>
<!-- Generated by org.testng.reporters.JUnitXMLReporter -->
<testsuite ignored="0" hostname="LAPTOP-UFQMT07D" failures="1" tests="1" name="firefoxest" time="5.957" errors="0" timestamp="2025-10-24T13:34:45 IST">
  <testcase classname="testCases.AccountRegistrationTest" name="Register" time="1.544">
    <failure type="java.lang.AssertionError" message="expected [true] but found [false]">
      <![CDATA[java.lang.AssertionError: expected [true] but found [false]
at testCases.AccountRegistrationTest.Register(AccountRegistrationTest.java:41)
at java.base/java.util.ArrayList.forEach(ArrayList.java:1597)
... Removed 29 stack frames]]>
    </failure>
  </testcase> <!-- Register -->
</testsuite> <!-- firefoxest -->
